mode: set
e-library/handlers/handlers.go:27.101,29.2 1 1
e-library/handlers/handlers.go:32.48,37.2 4 0
e-library/handlers/handlers.go:41.72,43.58 2 1
e-library/handlers/handlers.go:43.58,46.3 2 1
e-library/handlers/handlers.go:47.2,47.13 1 1
e-library/handlers/handlers.go:53.67,55.41 2 1
e-library/handlers/handlers.go:55.41,58.3 2 1
e-library/handlers/handlers.go:60.2,61.16 2 1
e-library/handlers/handlers.go:61.16,64.3 2 1
e-library/handlers/handlers.go:66.2,66.48 1 1
e-library/handlers/handlers.go:70.70,72.32 2 1
e-library/handlers/handlers.go:72.32,74.3 1 1
e-library/handlers/handlers.go:75.2,75.39 1 1
e-library/handlers/handlers.go:75.39,78.3 2 1
e-library/handlers/handlers.go:80.2,81.16 2 1
e-library/handlers/handlers.go:81.16,82.10 1 1
e-library/handlers/handlers.go:83.48,84.64 1 1
e-library/handlers/handlers.go:85.43,86.73 1 1
e-library/handlers/handlers.go:87.49,88.90 1 1
e-library/handlers/handlers.go:89.11,90.77 1 1
e-library/handlers/handlers.go:92.3,92.9 1 1
e-library/handlers/handlers.go:95.2,95.53 1 1
e-library/handlers/handlers.go:99.70,101.32 2 1
e-library/handlers/handlers.go:101.32,103.3 1 1
e-library/handlers/handlers.go:104.2,104.39 1 1
e-library/handlers/handlers.go:104.39,107.3 2 1
e-library/handlers/handlers.go:109.2,110.16 2 1
e-library/handlers/handlers.go:110.16,111.10 1 1
e-library/handlers/handlers.go:112.48,113.88 1 1
e-library/handlers/handlers.go:114.55,115.109 1 1
e-library/handlers/handlers.go:116.11,117.77 1 0
e-library/handlers/handlers.go:119.3,119.9 1 1
e-library/handlers/handlers.go:122.2,122.48 1 1
e-library/handlers/handlers.go:126.70,128.32 2 1
e-library/handlers/handlers.go:128.32,130.3 1 1
e-library/handlers/handlers.go:131.2,131.39 1 1
e-library/handlers/handlers.go:131.39,134.3 2 1
e-library/handlers/handlers.go:136.2,137.16 2 1
e-library/handlers/handlers.go:137.16,138.46 1 1
e-library/handlers/handlers.go:138.46,141.4 2 1
e-library/handlers/handlers.go:142.3,142.52 1 1
e-library/handlers/handlers.go:142.52,147.4 1 1
e-library/handlers/handlers.go:147.9,150.4 2 0
e-library/handlers/handlers.go:153.2,153.102 1 1
e-library/repository/repository.go:40.41,42.2 1 1
e-library/repository/repository.go:45.38,50.2 1 1
e-library/repository/repository.go:56.62,60.46 3 1
e-library/repository/repository.go:60.46,62.3 1 0
e-library/repository/repository.go:63.2,64.12 2 1
e-library/repository/repository.go:68.73,72.8 4 1
e-library/repository/repository.go:72.8,74.3 1 1
e-library/repository/repository.go:75.2,77.9 2 1
e-library/repository/repository.go:77.9,79.3 1 0
e-library/repository/repository.go:80.2,80.18 1 1
e-library/repository/repository.go:86.65,91.13 4 1
e-library/repository/repository.go:91.13,93.3 1 0
e-library/repository/repository.go:94.2,94.31 1 1
e-library/repository/repository.go:94.31,96.3 1 0
e-library/repository/repository.go:97.2,98.33 2 1
e-library/repository/repository.go:98.33,100.3 1 0
e-library/repository/repository.go:102.2,104.12 3 1
e-library/repository/repository.go:110.98,116.13 5 1
e-library/repository/repository.go:116.13,118.3 1 1
e-library/repository/repository.go:119.2,119.19 1 1
e-library/repository/repository.go:119.19,121.3 1 1
e-library/repository/repository.go:122.2,125.18 4 1
e-library/repository/repository.go:129.61,134.40 4 1
e-library/repository/repository.go:134.40,136.3 1 0
e-library/repository/repository.go:137.2,138.12 2 1
e-library/repository/repository.go:142.59,147.9 4 1
e-library/repository/repository.go:147.9,149.3 1 0
e-library/repository/repository.go:150.2,151.12 2 1
e-library/respond/respond.go:16.61,20.2 3 1
e-library/respond/respond.go:25.72,27.16 2 1
e-library/respond/respond.go:27.16,31.3 3 0
e-library/respond/respond.go:32.2,34.21 3 1
e-library/service/service.go:41.71,43.2 1 1
e-library/service/service.go:45.75,47.16 2 1
e-library/service/service.go:47.16,48.49 1 0
e-library/service/service.go:48.49,50.4 1 0
e-library/service/service.go:51.3,51.34 1 0
e-library/service/service.go:53.2,53.18 1 1
e-library/service/service.go:57.84,65.49 3 1
e-library/service/service.go:65.49,66.10 1 0
e-library/service/service.go:67.51,68.47 1 0
e-library/service/service.go:69.46,70.42 1 0
e-library/service/service.go:71.52,72.48 1 0
e-library/service/service.go:73.11,74.35 1 0
e-library/service/service.go:77.2,77.18 1 1
e-library/service/service.go:82.84,84.16 2 1
e-library/service/service.go:84.16,85.10 1 1
e-library/service/service.go:86.51,87.47 1 1
e-library/service/service.go:88.58,89.54 1 1
e-library/service/service.go:90.11,91.35 1 0
e-library/service/service.go:94.2,94.18 1 1
e-library/service/service.go:101.63,102.56 1 1
e-library/service/service.go:102.56,103.49 1 0
e-library/service/service.go:103.49,105.4 1 0
e-library/service/service.go:106.3,106.13 1 0
e-library/service/service.go:108.2,108.54 1 1
e-library/service/service.go:108.54,112.3 2 0
e-library/service/service.go:113.2,113.12 1 1
e-library/validator/validator.go:9.53,10.31 1 1
e-library/validator/validator.go:10.31,12.3 1 1
e-library/validator/validator.go:13.2,13.12 1 1
e-library/validator/validator.go:21.40,22.19 1 1
e-library/validator/validator.go:22.19,24.3 1 1
e-library/validator/validator.go:25.2,25.12 1 1
e-library/validator/validator.go:34.41,36.2 1 1
e-library/validator/validator.go:44.41,46.2 1 1
e-library/validator/validator.go:54.41,56.2 1 1
