mode: set
e-library/main.go:38.38,55.2 4 1
e-library/main.go:63.67,66.17 2 1
e-library/main.go:66.17,69.3 2 1
e-library/main.go:72.2,77.13 4 1
e-library/main.go:77.13,80.3 2 1
e-library/main.go:83.2,84.33 2 1
e-library/main.go:88.70,96.61 2 1
e-library/main.go:96.61,99.3 2 1
e-library/main.go:102.2,102.39 1 1
e-library/main.go:102.39,105.3 2 1
e-library/main.go:108.2,112.13 4 1
e-library/main.go:112.13,115.3 2 0
e-library/main.go:117.2,117.31 1 1
e-library/main.go:117.31,120.3 2 1
e-library/main.go:123.2,136.33 6 1
e-library/main.go:140.70,145.61 2 1
e-library/main.go:145.61,148.3 2 0
e-library/main.go:150.2,154.37 3 1
e-library/main.go:154.37,155.69 1 1
e-library/main.go:155.69,162.4 4 1
e-library/main.go:165.2,165.83 1 1
e-library/main.go:169.70,179.37 5 1
e-library/main.go:179.37,180.69 1 1
e-library/main.go:180.69,185.48 2 1
e-library/main.go:185.48,187.5 1 1
e-library/main.go:189.4,191.10 3 1
e-library/main.go:195.2,195.68 1 0
e-library/main.go:198.13,207.71 4 0
e-library/main.go:207.71,209.3 1 0
e-library/main.go:212.2,228.16 8 0
e-library/main.go:228.16,230.3 1 0
